{"F:\\Users\\harmonyskull\\Documents\\Training\\React from Scratch\\03.0_counter\\src\\FirstApp.jsx": {"path":"F:\\Users\\harmonyskull\\Documents\\Training\\React from Scratch\\03.0_counter\\src\\FirstApp.jsx","statementMap":{"0":{"start":{"line":3,"column":17},"end":{"line":12,"column":2}},"1":{"start":{"line":5,"column":2},"end":{"line":11,"column":5}},"2":{"start":{"line":14,"column":0},"end":{"line":17,"column":1}},"3":{"start":{"line":19,"column":0},"end":{"line":23,"column":1}}},"fnMap":{"0":{"name":"(anonymous_0)","decl":{"start":{"line":3,"column":17},"end":{"line":3,"column":18}},"loc":{"start":{"line":5,"column":2},"end":{"line":11,"column":5}},"line":5}},"branchMap":{},"s":{"0":1,"1":2,"2":1,"3":1},"f":{"0":2},"b":{},"_coverageSchema":"1a1c01bbd47fc00a2c39e90264f33305004495a9","hash":"d4763861e585c4d0c30384ee94d90f053676f3a9"}
}
